<?xml version="1.0" encoding="UTF-8"?>
<!-- Generated by org.testng.reporters.JUnitReportReporter -->
<testsuite hostname="DESKTOP-3BHM597" failures="0" tests="1" name="testCases.TC004_Verify_Automobile_Download_Quotes" time="57.919" errors="0" timestamp="2024-10-29T09:44:03 IST" skipped="0">
  <testcase classname="testCases.TC004_Verify_Automobile_Download_Quotes" name="sendQuotesForAutomobile" time="57.919"/>
</testsuite> <!-- testCases.TC004_Verify_Automobile_Download_Quotes -->
