<?xml version="1.0" encoding="UTF-8"?>
<!-- Generated by org.testng.reporters.JUnitReportReporter -->
<testsuite hostname="DESKTOP-3BHM597" failures="0" tests="1" name="testCases.TC001_Verify_Automobile_Send_Quotes" time="51.489" errors="0" timestamp="2024-10-24T20:33:07 IST" skipped="0">
  <testcase classname="testCases.TC001_Verify_Automobile_Send_Quotes" name="sendQuotesForAutomobile" time="51.489"/>
</testsuite> <!-- testCases.TC001_Verify_Automobile_Send_Quotes -->
