<?xml version="1.0" encoding="UTF-8"?>
<!-- Generated by org.testng.reporters.JUnitReportReporter -->
<testsuite hostname="DESKTOP-3BHM597" failures="0" tests="1" name="testCases.TC003_Verify_Automobile_Send_Quotes_For_Silver_Plan" time="48.910" errors="0" timestamp="2024-10-24T20:33:07 IST" skipped="0">
  <testcase classname="testCases.TC003_Verify_Automobile_Send_Quotes_For_Silver_Plan" name="sendQuotesForAutomobile" time="48.910"/>
</testsuite> <!-- testCases.TC003_Verify_Automobile_Send_Quotes_For_Silver_Plan -->
