<?xml version="1.0" encoding="UTF-8"?>
<!-- Generated by org.testng.reporters.JUnitReportReporter -->
<testsuite hostname="DESKTOP-3BHM597" failures="0" tests="1" name="testCases.TC004_Verify_Automobile_View_Quotes" time="56.774" errors="0" timestamp="2024-10-24T10:10:45 IST" skipped="0">
  <testcase classname="testCases.TC004_Verify_Automobile_View_Quotes" name="sendQuotesForAutomobile" time="56.774"/>
</testsuite> <!-- testCases.TC004_Verify_Automobile_View_Quotes -->
