<?xml version="1.0" encoding="UTF-8"?>
<!-- Generated by org.testng.reporters.JUnitReportReporter -->
<testsuite hostname="DESKTOP-3BHM597" failures="0" tests="1" name="testCases.TC004_Verify_Automobile_View_Quotes" time="40.490" errors="0" timestamp="2024-10-28T06:24:24 IST" skipped="0">
  <testcase classname="testCases.TC004_Verify_Automobile_View_Quotes" name="sendQuotesForAutomobile" time="40.490"/>
</testsuite> <!-- testCases.TC004_Verify_Automobile_View_Quotes -->
